d:\「マイどきゅめんと\sharokulibrary\libraryproject\sharokulibrary\debug\sharokulibrary.pdb
d:\「マイどきゅめんと\sharokulibrary\libraryproject\sharokulibrary\debug\sharokulibrary.idb
d:\「マイどきゅめんと\sharokulibrary\libraryproject\sharokulibrary\debug\sldxblendstatemanager.obj
d:\「マイどきゅめんと\sharokulibrary\libraryproject\sharokulibrary\debug\sldxsamplerstatemanager.obj
d:\「マイどきゅめんと\sharokulibrary\libraryproject\sharokulibrary\debug\sldxrasterizerstatemanager.obj
d:\「マイどきゅめんと\sharokulibrary\libraryproject\sharokulibrary\debug\sldxconstantbuffermanager.obj
d:\「マイどきゅめんと\sharokulibrary\libraryproject\sharokulibrary\debug\sldxinputlayoutmanager.obj
d:\「マイどきゅめんと\sharokulibrary\libraryproject\sharokulibrary\debug\sldxpixelshadermanager.obj
d:\「マイどきゅめんと\sharokulibrary\libraryproject\sharokulibrary\debug\sldxvertexshadermanager.obj
d:\「マイどきゅめんと\sharokulibrary\libraryproject\sharokulibrary\debug\sldxtexturemanager.obj
d:\「マイどきゅめんと\sharokulibrary\libraryproject\sharokulibrary\debug\sldxviewmanager.obj
d:\「マイどきゅめんと\sharokulibrary\libraryproject\sharokulibrary\debug\sliinputdevicelibrary.obj
d:\「マイどきゅめんと\sharokulibrary\libraryproject\sharokulibrary\debug\sldidevicemanager.obj
d:\「マイどきゅめんと\sharokulibrary\libraryproject\sharokulibrary\debug\sldikeyboard.obj
d:\「マイどきゅめんと\sharokulibrary\libraryproject\sharokulibrary\debug\sldimouse.obj
d:\「マイどきゅめんと\sharokulibrary\libraryproject\sharokulibrary\debug\slwininputdevicelibrary.obj
d:\「マイどきゅめんと\sharokulibrary\libraryproject\sharokulibrary\debug\slwincustomizeinputmanager.obj
d:\「マイどきゅめんと\sharokulibrary\libraryproject\sharokulibrary\debug\slxinputdevicemanager.obj
d:\「マイどきゅめんと\sharokulibrary\libraryproject\sharokulibrary\debug\ptrsharedinfobase.obj
d:\「マイどきゅめんと\sharokulibrary\libraryproject\sharokulibrary\debug\slcreatedxwindowfunc.obj
d:\「マイどきゅめんと\sharokulibrary\libraryproject\sharokulibrary\debug\sldxwindow.obj
d:\「マイどきゅめんと\sharokulibrary\libraryproject\sharokulibrary\debug\slcreateiwindowfunc.obj
d:\「マイどきゅめんと\sharokulibrary\libraryproject\sharokulibrary\debug\sldebugfunction.obj
d:\「マイどきゅめんと\sharokulibrary\libraryproject\sharokulibrary\debug\sldxdevicemanager.obj
d:\「マイどきゅめんと\sharokulibrary\libraryproject\sharokulibrary\debug\sldxdrawingcommander.obj
d:\「マイどきゅめんと\sharokulibrary\libraryproject\sharokulibrary\debug\sldxgiswapchainmanager.obj
d:\「マイどきゅめんと\sharokulibrary\libraryproject\debug\sharokulibrary.lib
d:\「マイどきゅめんと\sharokulibrary\libraryproject\debug\sharokulibrary.pdb
d:\「マイどきゅめんと\sharokulibrary\libraryproject\sharokulibrary\debug\sharokulibrary.tlog\cl.command.1.tlog
d:\「マイどきゅめんと\sharokulibrary\libraryproject\sharokulibrary\debug\sharokulibrary.tlog\cl.read.1.tlog
d:\「マイどきゅめんと\sharokulibrary\libraryproject\sharokulibrary\debug\sharokulibrary.tlog\cl.write.1.tlog
d:\「マイどきゅめんと\sharokulibrary\libraryproject\sharokulibrary\debug\sharokulibrary.tlog\lib-link.read.1.tlog
d:\「マイどきゅめんと\sharokulibrary\libraryproject\sharokulibrary\debug\sharokulibrary.tlog\lib-link.write.1.tlog
d:\「マイどきゅめんと\sharokulibrary\libraryproject\sharokulibrary\debug\sharokulibrary.tlog\lib.command.1.tlog
